2025-04-14 18:55:50,288 [INFO] Loaded firewall rules
2025-04-14 18:56:00,154 [INFO] Loaded firewall rules
2025-04-14 18:56:00,155 [INFO] Saved firewall rules
2025-04-14 18:56:00,158 [INFO] Added rule: {'name': 'hehe', 'direction': 'both', 'action': 'block', 'enabled': True}
2025-04-14 18:56:04,245 [INFO] Loaded firewall rules
2025-04-14 18:56:07,921 [INFO] Loaded firewall rules
2025-04-14 18:56:07,922 [INFO] Loaded firewall rules
2025-04-14 18:56:13,093 [INFO] Saved firewall rules
2025-04-14 18:56:13,096 [INFO] Removed rule: {'name': 'hehe', 'direction': 'both', 'action': 'block', 'enabled': True}
2025-04-14 18:56:13,096 [INFO] Removing rule: {'name': 'hehe', 'direction': 'both', 'action': 'block', 'enabled': True}
2025-04-14 18:56:13,108 [WARNING] No valid rule to remove.
2025-04-14 18:56:24,643 [INFO] Loaded firewall rules
2025-04-14 18:56:24,644 [INFO] Saved firewall rules
2025-04-14 18:56:24,648 [INFO] Cleared all firewall rules
2025-04-14 18:56:43,476 [INFO] Loaded firewall rules
2025-04-14 18:57:02,090 [INFO] Loaded firewall rules
2025-04-14 18:57:02,091 [INFO] Saved firewall rules
2025-04-14 18:57:02,094 [INFO] Added rule: {'name': 'block zen', 'app': 'C:\\Program Files\\Zen Browser\\zen.exe', 'port': '443', 'direction': 'both', 'action': 'block', 'protocol': 'TCP', 'enabled': True}
2025-04-14 18:57:06,145 [INFO] Loaded firewall rules
2025-04-14 18:57:11,816 [INFO] Loaded firewall rules
2025-04-14 18:57:11,816 [INFO] Removing rule: {'name': 'block zen', 'app': 'C:\\Program Files\\Zen Browser\\zen.exe', 'port': '443', 'direction': 'both', 'action': 'block', 'protocol': 'TCP', 'enabled': True}
2025-04-14 18:57:13,292 [INFO] Rule removal attempted, may not exist: Remove-NetFirewallRule -DisplayName "Block C:\Program Files\Zen Browser\zen.exe on Port 443"
2025-04-14 18:57:13,292 [INFO] Applying rule: {'name': 'block zen', 'app': 'C:\\Program Files\\Zen Browser\\zen.exe', 'port': '443', 'direction': 'both', 'action': 'block', 'protocol': 'TCP', 'enabled': True}
2025-04-14 18:57:14,258 [INFO] Applied rule: New-NetFirewallRule -DisplayName "Block C:\Program Files\Zen Browser\zen.exe on Port 443" -Direction Outbound -Program "C:\Program Files\Zen Browser\zen.exe" -Protocol TCP -RemotePort 443 -Action Block
2025-04-14 18:57:15,201 [INFO] Applied additional rule for Inbound: New-NetFirewallRule -DisplayName "Block C:\Program Files\Zen Browser\zen.exe on Port 443" -Direction Inbound -Program "C:\Program Files\Zen Browser\zen.exe" -Protocol TCP -RemotePort 443 -Action Block
2025-04-14 18:57:15,201 [INFO] Applied all firewall rules
2025-04-14 18:58:01,922 [INFO] Loaded firewall rules
2025-04-14 18:58:01,923 [INFO] Loaded firewall rules
2025-04-14 18:58:04,874 [INFO] Saved firewall rules
2025-04-14 18:58:04,878 [INFO] Removed rule: {'name': 'block zen', 'app': 'C:\\Program Files\\Zen Browser\\zen.exe', 'port': '443', 'direction': 'both', 'action': 'block', 'protocol': 'TCP', 'enabled': True}
2025-04-14 18:58:04,878 [INFO] Removing rule: {'name': 'block zen', 'app': 'C:\\Program Files\\Zen Browser\\zen.exe', 'port': '443', 'direction': 'both', 'action': 'block', 'protocol': 'TCP', 'enabled': True}
2025-04-14 18:58:05,828 [INFO] Removed firewall rule: Remove-NetFirewallRule -DisplayName "Block C:\Program Files\Zen Browser\zen.exe on Port 443"
2025-04-14 18:58:29,820 [INFO] Loaded firewall rules
2025-04-14 18:58:32,249 [INFO] Loaded firewall rules
2025-04-14 18:58:32,250 [INFO] Saved firewall rules
2025-04-14 18:58:32,252 [INFO] Cleared all firewall rules
2025-04-14 19:01:48,367 [INFO] Loaded firewall rules
2025-04-14 19:02:45,075 [INFO] Loaded firewall rules
2025-04-14 19:02:45,076 [INFO] Saved firewall rules
2025-04-14 19:02:45,079 [INFO] Added rule: {'name': 'Block Zen TCP 443', 'app': 'C:\\Program Files\\Zen Browser\\zen.exe', 'port': '443', 'direction': 'both', 'action': 'block', 'protocol': 'TCP', 'enabled': True}
2025-04-14 19:02:48,609 [INFO] Loaded firewall rules
2025-04-14 19:02:56,407 [INFO] Loaded firewall rules
2025-04-14 19:02:56,407 [INFO] Removing rule: {'name': 'Block Zen TCP 443', 'app': 'C:\\Program Files\\Zen Browser\\zen.exe', 'port': '443', 'direction': 'both', 'action': 'block', 'protocol': 'TCP', 'enabled': True}
2025-04-14 19:02:57,482 [INFO] Rule removal attempted, may not exist: Remove-NetFirewallRule -DisplayName "Block C:\Program Files\Zen Browser\zen.exe on Port 443"
2025-04-14 19:02:57,482 [INFO] Applying rule: {'name': 'Block Zen TCP 443', 'app': 'C:\\Program Files\\Zen Browser\\zen.exe', 'port': '443', 'direction': 'both', 'action': 'block', 'protocol': 'TCP', 'enabled': True}
2025-04-14 19:02:58,470 [INFO] Applied rule: New-NetFirewallRule -DisplayName "Block C:\Program Files\Zen Browser\zen.exe on Port 443" -Direction Outbound -Program "C:\Program Files\Zen Browser\zen.exe" -Protocol TCP -RemotePort 443 -Action Block
2025-04-14 19:02:59,442 [INFO] Applied additional rule for Inbound: New-NetFirewallRule -DisplayName "Block C:\Program Files\Zen Browser\zen.exe on Port 443" -Direction Inbound -Program "C:\Program Files\Zen Browser\zen.exe" -Protocol TCP -RemotePort 443 -Action Block
2025-04-14 19:02:59,442 [INFO] Applied all firewall rules
2025-04-14 19:03:33,398 [INFO] Loaded firewall rules
2025-04-14 19:03:37,776 [INFO] Loaded firewall rules
2025-04-14 19:03:37,777 [INFO] Loaded firewall rules
2025-04-14 19:03:43,902 [INFO] Saved firewall rules
2025-04-14 19:03:43,906 [INFO] Removed rule: {'name': 'Block Zen TCP 443', 'app': 'C:\\Program Files\\Zen Browser\\zen.exe', 'port': '443', 'direction': 'both', 'action': 'block', 'protocol': 'TCP', 'enabled': True}
2025-04-14 19:03:43,906 [INFO] Removing rule: {'name': 'Block Zen TCP 443', 'app': 'C:\\Program Files\\Zen Browser\\zen.exe', 'port': '443', 'direction': 'both', 'action': 'block', 'protocol': 'TCP', 'enabled': True}
2025-04-14 19:03:44,888 [INFO] Removed firewall rule: Remove-NetFirewallRule -DisplayName "Block C:\Program Files\Zen Browser\zen.exe on Port 443"
2025-04-14 19:04:06,088 [INFO] Loaded firewall rules
2025-04-14 19:04:06,089 [INFO] Saved firewall rules
2025-04-14 19:04:06,092 [INFO] Cleared all firewall rules
2025-04-14 19:14:07,458 [INFO] Loaded firewall rules
2025-04-14 19:16:34,255 [INFO] Loaded firewall rules
2025-04-14 19:16:34,256 [INFO] Saved firewall rules
2025-04-14 19:16:34,258 [INFO] Added rule: {'name': 'Block Zen', 'app': 'C:\\Program Files\\Zen Browser\\zen.exe', 'port': '443', 'direction': 'both', 'action': 'block', 'protocol': 'TCP', 'enabled': True}
2025-04-14 19:16:39,583 [INFO] Loaded firewall rules
2025-04-14 19:16:49,252 [INFO] Loaded firewall rules
2025-04-14 19:16:49,252 [INFO] Removing rule: {'name': 'Block Zen', 'app': 'C:\\Program Files\\Zen Browser\\zen.exe', 'port': '443', 'direction': 'both', 'action': 'block', 'protocol': 'TCP', 'enabled': True}
2025-04-14 19:16:50,336 [INFO] Rule removal attempted, may not exist: Remove-NetFirewallRule -DisplayName "Block C:\Program Files\Zen Browser\zen.exe on Port 443"
2025-04-14 19:16:50,336 [INFO] Applying rule: {'name': 'Block Zen', 'app': 'C:\\Program Files\\Zen Browser\\zen.exe', 'port': '443', 'direction': 'both', 'action': 'block', 'protocol': 'TCP', 'enabled': True}
2025-04-14 19:16:51,318 [INFO] Applied rule: New-NetFirewallRule -DisplayName "Block C:\Program Files\Zen Browser\zen.exe on Port 443" -Direction Outbound -Program "C:\Program Files\Zen Browser\zen.exe" -Protocol TCP -RemotePort 443 -Action Block
2025-04-14 19:16:52,283 [INFO] Applied additional rule for Inbound: New-NetFirewallRule -DisplayName "Block C:\Program Files\Zen Browser\zen.exe on Port 443" -Direction Inbound -Program "C:\Program Files\Zen Browser\zen.exe" -Protocol TCP -RemotePort 443 -Action Block
2025-04-14 19:16:52,283 [INFO] Applied all firewall rules
2025-04-14 19:17:31,788 [INFO] Loaded firewall rules
2025-04-14 19:17:31,788 [INFO] Loaded firewall rules
2025-04-14 19:17:35,933 [INFO] Saved firewall rules
2025-04-14 19:17:35,937 [INFO] Removed rule: {'name': 'Block Zen', 'app': 'C:\\Program Files\\Zen Browser\\zen.exe', 'port': '443', 'direction': 'both', 'action': 'block', 'protocol': 'TCP', 'enabled': True}
2025-04-14 19:17:35,938 [INFO] Removing rule: {'name': 'Block Zen', 'app': 'C:\\Program Files\\Zen Browser\\zen.exe', 'port': '443', 'direction': 'both', 'action': 'block', 'protocol': 'TCP', 'enabled': True}
2025-04-14 19:17:36,860 [INFO] Removed firewall rule: Remove-NetFirewallRule -DisplayName "Block C:\Program Files\Zen Browser\zen.exe on Port 443"
2025-04-14 19:18:23,786 [INFO] Loaded firewall rules
2025-04-14 19:18:23,787 [INFO] Saved firewall rules
2025-04-14 19:18:23,790 [INFO] Cleared all firewall rules
2025-04-14 19:19:07,385 [INFO] Loaded firewall rules
2025-04-14 19:19:07,385 [INFO] Saved firewall rules
2025-04-14 19:19:07,388 [INFO] Added rule: {'name': 'BLock DMCE on Chrome', 'app': 'C:\\Program Files\\Google\\Chrome\\Application\\chrome.exe', 'dst_ip': '193.203.162.57', 'port': '443', 'direction': 'both', 'action': 'block', 'protocol': 'TCP', 'enabled': True}
2025-04-14 19:19:14,111 [INFO] Loaded firewall rules
2025-04-14 19:19:14,111 [INFO] Removing rule: {'name': 'BLock DMCE on Chrome', 'app': 'C:\\Program Files\\Google\\Chrome\\Application\\chrome.exe', 'dst_ip': '193.203.162.57', 'port': '443', 'direction': 'both', 'action': 'block', 'protocol': 'TCP', 'enabled': True}
2025-04-14 19:19:15,130 [INFO] Rule removal attempted, may not exist: Remove-NetFirewallRule -DisplayName "Block C:\Program Files\Google\Chrome\Application\chrome.exe on 193.203.162.57:443"
2025-04-14 19:19:15,130 [INFO] Applying rule: {'name': 'BLock DMCE on Chrome', 'app': 'C:\\Program Files\\Google\\Chrome\\Application\\chrome.exe', 'dst_ip': '193.203.162.57', 'port': '443', 'direction': 'both', 'action': 'block', 'protocol': 'TCP', 'enabled': True}
2025-04-14 19:19:16,073 [INFO] Applied rule: New-NetFirewallRule -DisplayName "Block C:\Program Files\Google\Chrome\Application\chrome.exe on 193.203.162.57:443" -Direction Outbound -Program "C:\Program Files\Google\Chrome\Application\chrome.exe" -RemoteAddress 193.203.162.57 -Protocol TCP -RemotePort 443 -Action Block
2025-04-14 19:19:17,019 [INFO] Applied additional rule for Inbound: New-NetFirewallRule -DisplayName "Block C:\Program Files\Google\Chrome\Application\chrome.exe on 193.203.162.57:443" -Direction Inbound -Program "C:\Program Files\Google\Chrome\Application\chrome.exe" -RemoteAddress 193.203.162.57 -Protocol TCP -RemotePort 443 -Action Block
2025-04-14 19:19:17,020 [INFO] Applied all firewall rules
2025-04-14 19:20:40,962 [INFO] Loaded firewall rules
2025-04-14 19:20:40,962 [INFO] Loaded firewall rules
2025-04-14 19:20:43,350 [INFO] Saved firewall rules
2025-04-14 19:20:43,355 [INFO] Removed rule: {'name': 'BLock DMCE on Chrome', 'app': 'C:\\Program Files\\Google\\Chrome\\Application\\chrome.exe', 'dst_ip': '193.203.162.57', 'port': '443', 'direction': 'both', 'action': 'block', 'protocol': 'TCP', 'enabled': True}
2025-04-14 19:20:43,355 [INFO] Removing rule: {'name': 'BLock DMCE on Chrome', 'app': 'C:\\Program Files\\Google\\Chrome\\Application\\chrome.exe', 'dst_ip': '193.203.162.57', 'port': '443', 'direction': 'both', 'action': 'block', 'protocol': 'TCP', 'enabled': True}
2025-04-14 19:20:44,319 [INFO] Removed firewall rule: Remove-NetFirewallRule -DisplayName "Block C:\Program Files\Google\Chrome\Application\chrome.exe on 193.203.162.57:443"
2025-04-14 19:20:47,068 [INFO] Loaded firewall rules
2025-04-14 19:20:47,069 [INFO] Saved firewall rules
2025-04-14 19:20:47,072 [INFO] Cleared all firewall rules
